[[1;34mINFO[m] Scanning for projects...
[[1;33mWARNING[m] 
[[1;33mWARNING[m] Some problems were encountered while building the effective model for commons-math:commons-math:jar:1.2-SNAPSHOT
[[1;33mWARNING[m] 'build.plugins.plugin.version' for org.apache.maven.plugins:maven-compiler-plugin is missing. @ org.apache.commons:commons-parent:2, /home/khaes/.m2/repository/org/apache/commons/commons-parent/2/commons-parent-2.pom, line 115, column 15
[[1;33mWARNING[m] 'build.plugins.plugin.version' for org.codehaus.mojo:cobertura-maven-plugin is missing. @ line 217, column 17
[[1;33mWARNING[m] 'build.plugins.plugin.version' for org.apache.maven.plugins:maven-surefire-plugin is missing. @ line 195, column 17
[[1;33mWARNING[m] 'build.plugins.plugin.version' for org.apache.maven.plugins:maven-idea-plugin is missing. @ org.apache.commons:commons-parent:2, /home/khaes/.m2/repository/org/apache/commons/commons-parent/2/commons-parent-2.pom, line 140, column 15
[[1;33mWARNING[m] 
[[1;33mWARNING[m] It is highly recommended to fix these problems because they threaten the stability of your build.
[[1;33mWARNING[m] 
[[1;33mWARNING[m] For this reason, future Maven versions might no longer support building such malformed projects.
[[1;33mWARNING[m] 
[[1;34mINFO[m] 
[[1;34mINFO[m] [1m---------------------< [0;36mcommons-math:commons-math[0;1m >----------------------[m
[[1;34mINFO[m] [1mBuilding Math 1.2-SNAPSHOT[m
[[1;34mINFO[m] [1m--------------------------------[ jar ]---------------------------------[m
[[1;34mINFO[m] 
[[1;34mINFO[m] [1m--- [0;32mmaven-clean-plugin:2.5:clean[m [1m(default-clean)[m @ [36mcommons-math[0;1m ---[m
[[1;34mINFO[m] 
[[1;34mINFO[m] [1m--- [0;32mcobertura-maven-plugin:2.7:clean[m [1m(default)[m @ [36mcommons-math[0;1m ---[m
[[1;34mINFO[m] 
[[1;34mINFO[m] [1m---------------------< [0;36mcommons-math:commons-math[0;1m >----------------------[m
[[1;34mINFO[m] [1mBuilding Math 1.2-SNAPSHOT[m
[[1;34mINFO[m] [1m--------------------------------[ jar ]---------------------------------[m
[[1;34mINFO[m] 
[[1;34mINFO[m] [1m--- [0;32mclover-maven-plugin:4.4.1:aggregate[m [1m(default-cli)[m @ [36mcommons-math[0;1m ---[m
[[1;34mINFO[m] 
[[1;34mINFO[m] [1m---------------------< [0;36mcommons-math:commons-math[0;1m >----------------------[m
[[1;34mINFO[m] [1mBuilding Math 1.2-SNAPSHOT[m
[[1;34mINFO[m] [1m--------------------------------[ jar ]---------------------------------[m
[[1;34mINFO[m] 
[[1;34mINFO[m] [1m--- [0;32mclover-maven-plugin:4.4.1:clover[m [1m(default-cli)[m @ [36mcommons-math[0;1m ---[m
[[1;33mWARNING[m] No Clover database found, skipping report generation
[[1;34mINFO[m] No report being generated for this module.
[[1;34mINFO[m] Using Clover report descriptor: /home/khaes/phd/projects/explanation/code/tmp/proj-explanation/original/clover-descriptor.xml
[[1;34mINFO[m] [1m------------------------------------------------------------------------[m
[[1;34mINFO[m] [1;31mBUILD FAILURE[m
[[1;34mINFO[m] [1m------------------------------------------------------------------------[m
[[1;34mINFO[m] Total time:  2.240 s
[[1;34mINFO[m] Finished at: 2022-04-03T11:30:13+02:00
[[1;34mINFO[m] [1m------------------------------------------------------------------------[m
[[1;31mERROR[m] Failed to execute goal [32morg.codehaus.mojo:cobertura-maven-plugin:2.7:clean[m [1m(default)[m on project [36mcommons-math[m: [1;31mExecution default of goal org.codehaus.mojo:cobertura-maven-plugin:2.7:clean failed: Plugin org.codehaus.mojo:cobertura-maven-plugin:2.7 or one of its dependencies could not be resolved: Could not find artifact com.sun:tools:jar:0 at specified path /usr/lib/jvm/java-11-openjdk-amd64/../lib/tools.jar[m -> [1m[Help 1][m
[[1;31mERROR[m] 
[[1;31mERROR[m] To see the full stack trace of the errors, re-run Maven with the [1m-e[m switch.
[[1;31mERROR[m] Re-run Maven using the [1m-X[m switch to enable full debug logging.
[[1;31mERROR[m] 
[[1;31mERROR[m] For more information about the errors and possible solutions, please read the following articles:
[[1;31mERROR[m] [1m[Help 1][m http://cwiki.apache.org/confluence/display/MAVEN/PluginResolutionException
[[1;34mINFO[m] Build failures were ignored.
